<?xml version="1.0" encoding="UTF-8"?>
<testng-results ignored="0" total="1" passed="1" failed="0" skipped="0">
  <reporter-output>
  </reporter-output>
  <suite started-at="2022-08-20T06:54:33 AST" name="Default suite" finished-at="2022-08-20T06:54:37 AST" duration-ms="3474">
    <groups>
    </groups>
    <test started-at="2022-08-20T06:54:33 AST" name="Default test" finished-at="2022-08-20T06:54:37 AST" duration-ms="3474">
      <class name="ass2W10D3.ChromWhebDriverAss2W10D3">
        <test-method is-config="true" signature="setUp()[pri:0, instance:ass2W10D3.ChromWhebDriverAss2W10D3@654f0d9c]" started-at="2022-08-20T06:54:31 AST" name="setUp" finished-at="2022-08-20T06:54:33 AST" duration-ms="2231" status="PASS">
          <reporter-output>
          </reporter-output>
        </test-method> <!-- setUp -->
        <test-method is-config="true" signature="openWebsite()[pri:0, instance:ass2W10D3.ChromWhebDriverAss2W10D3@654f0d9c]" started-at="2022-08-20T06:54:33 AST" name="openWebsite" finished-at="2022-08-20T06:54:36 AST" duration-ms="2871" status="PASS">
          <reporter-output>
          </reporter-output>
        </test-method> <!-- openWebsite -->
        <test-method signature="frame()[pri:0, instance:ass2W10D3.ChromWhebDriverAss2W10D3@654f0d9c]" started-at="2022-08-20T06:54:36 AST" name="frame" finished-at="2022-08-20T06:54:37 AST" duration-ms="475" status="PASS">
          <reporter-output>
          </reporter-output>
        </test-method> <!-- frame -->
        <test-method is-config="true" signature="terminateBrowser()[pri:0, instance:ass2W10D3.ChromWhebDriverAss2W10D3@654f0d9c]" started-at="2022-08-20T06:54:37 AST" name="terminateBrowser" finished-at="2022-08-20T06:54:37 AST" duration-ms="380" status="PASS">
          <reporter-output>
          </reporter-output>
        </test-method> <!-- terminateBrowser -->
      </class> <!-- ass2W10D3.ChromWhebDriverAss2W10D3 -->
    </test> <!-- Default test -->
  </suite> <!-- Default suite -->
</testng-results>
